# JRE version: OpenJDK Runtime Environment (21.0.9) (build 21.0.9+-14649483-b1163.86)
# Java VM: OpenJDK 64-Bit Server VM (21.0.9+-14649483-b1163.86, mixed mode, tiered, compressed oops, compressed class ptrs, g1 gc, windows-amd64)
GC Precious Log:
 CardTable entry size: 512
 Card Set container configuration: InlinePtr #cards 5 size 8 Array Of Cards #cards 12 size 40 Howl #buckets 4 coarsen threshold 1843 Howl Bitmap #cards 512 size 80 coarsen threshold 460 Card regions per heap region 1 cards per card region 2048
 CPUs: 8 total, 8 available
 Memory: 16215M
 Large Page Support: Disabled
 NUMA Support: Disabled
 Compressed Oops: Enabled (32-bit)
 Heap Region Size: 1M
 Heap Min Capacity: 8M
 Heap Initial Capacity: 254M
 Heap Max Capacity: 2G
 Pre-touch: Disabled
 Parallel Workers: 8
 Concurrent Workers: 2
 Concurrent Refinement Workers: 8
 Periodic GC: Disabled
Heap:
 garbage-first heap   total 108544K, used 70654K [0x0000000080000000, 0x0000000100000000)
  region size 1024K, 24 young (24576K), 6 survivors (6144K)
 Metaspace       used 66512K, committed 68160K, reserved 1114112K
  class space    used 9276K, committed 10048K, reserved 1048576K
GC Heap History (20 events):
Event: 2.014 GC heap before
{Heap before GC invocations=2 (full 0):
 garbage-first heap   total 260096K, used 147645K [0x0000000080000000, 0x0000000100000000)
  region size 1024K, 139 young (142336K), 5 survivors (5120K)
 Metaspace       used 21168K, committed 21504K, reserved 1114112K
  class space    used 2506K, committed 2688K, reserved 1048576K
}
Event: 2.021 GC heap after
{Heap after GC invocations=3 (full 0):
 garbage-first heap   total 260096K, used 20300K [0x0000000080000000, 0x0000000100000000)
  region size 1024K, 14 young (14336K), 14 survivors (14336K)
 Metaspace       used 21168K, committed 21504K, reserved 1114112K
  class space    used 2506K, committed 2688K, reserved 1048576K
}
Event: 2.763 GC heap before
{Heap before GC invocations=4 (full 0):
 garbage-first heap   total 71680K, used 70476K [0x0000000080000000, 0x0000000100000000)
  region size 1024K, 63 young (64512K), 14 survivors (14336K)
 Metaspace       used 29237K, committed 29760K, reserved 1114112K
  class space    used 3821K, committed 4096K, reserved 1048576K
}
Event: 2.771 GC heap after
{Heap after GC invocations=5 (full 0):
 garbage-first heap   total 90112K, used 23370K [0x0000000080000000, 0x0000000100000000)
  region size 1024K, 12 young (12288K), 12 survivors (12288K)
 Metaspace       used 29237K, committed 29760K, reserved 1114112K
  class space    used 3821K, committed 4096K, reserved 1048576K
}
Event: 3.316 GC heap before
{Heap before GC invocations=5 (full 0):
 garbage-first heap   total 90112K, used 64330K [0x0000000080000000, 0x0000000100000000)
  region size 1024K, 52 young (53248K), 12 survivors (12288K)
 Metaspace       used 34723K, committed 35520K, reserved 1114112K
  class space    used 4799K, committed 5184K, reserved 1048576K
}
Event: 3.323 GC heap after
{Heap after GC invocations=6 (full 0):
 garbage-first heap   total 90112K, used 26089K [0x0000000080000000, 0x0000000100000000)
  region size 1024K, 7 young (7168K), 7 survivors (7168K)
 Metaspace       used 34723K, committed 35520K, reserved 1114112K
  class space    used 4799K, committed 5184K, reserved 1048576K
}
Event: 3.351 GC heap before
{Heap before GC invocations=6 (full 0):
 garbage-first heap   total 90112K, used 28137K [0x0000000080000000, 0x0000000100000000)
  region size 1024K, 10 young (10240K), 7 survivors (7168K)
 Metaspace       used 35202K, committed 35968K, reserved 1114112K
  class space    used 4859K, committed 5248K, reserved 1048576K
}
Event: 3.354 GC heap after
{Heap after GC invocations=7 (full 0):
 garbage-first heap   total 90112K, used 26338K [0x0000000080000000, 0x0000000100000000)
  region size 1024K, 4 young (4096K), 4 survivors (4096K)
 Metaspace       used 35202K, committed 35968K, reserved 1114112K
  class space    used 4859K, committed 5248K, reserved 1048576K
}
Event: 4.015 GC heap before
{Heap before GC invocations=8 (full 0):
 garbage-first heap   total 90112K, used 73442K [0x0000000080000000, 0x0000000100000000)
  region size 1024K, 51 young (52224K), 4 survivors (4096K)
 Metaspace       used 44153K, committed 44928K, reserved 1114112K
  class space    used 6034K, committed 6400K, reserved 1048576K
}
Event: 4.020 GC heap after
{Heap after GC invocations=9 (full 0):
 garbage-first heap   total 108544K, used 30369K [0x0000000080000000, 0x0000000100000000)
  region size 1024K, 7 young (7168K), 7 survivors (7168K)
 Metaspace       used 44153K, committed 44928K, reserved 1114112K
  class space    used 6034K, committed 6400K, reserved 1048576K
}
Event: 4.580 GC heap before
{Heap before GC invocations=9 (full 0):
 garbage-first heap   total 108544K, used 91809K [0x0000000080000000, 0x0000000100000000)
  region size 1024K, 63 young (64512K), 7 survivors (7168K)
 Metaspace       used 49433K, committed 50560K, reserved 1114112K
  class space    used 6759K, committed 7296K, reserved 1048576K
}
Event: 4.586 GC heap after
{Heap after GC invocations=10 (full 0):
 garbage-first heap   total 108544K, used 34172K [0x0000000080000000, 0x0000000100000000)
  region size 1024K, 8 young (8192K), 8 survivors (8192K)
 Metaspace       used 49433K, committed 50560K, reserved 1114112K
  class space    used 6759K, committed 7296K, reserved 1048576K
}
Event: 5.264 GC heap before
{Heap before GC invocations=10 (full 0):
 garbage-first heap   total 108544K, used 89468K [0x0000000080000000, 0x0000000100000000)
  region size 1024K, 63 young (64512K), 8 survivors (8192K)
 Metaspace       used 55821K, committed 57216K, reserved 1114112K
  class space    used 7829K, committed 8512K, reserved 1048576K
}
Event: 5.272 GC heap after
{Heap after GC invocations=11 (full 0):
 garbage-first heap   total 108544K, used 39207K [0x0000000080000000, 0x0000000100000000)
  region size 1024K, 5 young (5120K), 5 survivors (5120K)
 Metaspace       used 55821K, committed 57216K, reserved 1114112K
  class space    used 7829K, committed 8512K, reserved 1048576K
}
Event: 6.026 GC heap before
{Heap before GC invocations=11 (full 0):
 garbage-first heap   total 108544K, used 93479K [0x0000000080000000, 0x0000000100000000)
  region size 1024K, 57 young (58368K), 5 survivors (5120K)
 Metaspace       used 58807K, committed 60288K, reserved 1114112K
  class space    used 8267K, committed 8960K, reserved 1048576K
}
Event: 6.032 GC heap after
{Heap after GC invocations=12 (full 0):
 garbage-first heap   total 108544K, used 46403K [0x0000000080000000, 0x0000000100000000)
  region size 1024K, 8 young (8192K), 8 survivors (8192K)
 Metaspace       used 58807K, committed 60288K, reserved 1114112K
  class space    used 8267K, committed 8960K, reserved 1048576K
}
Event: 6.577 GC heap before
{Heap before GC invocations=13 (full 0):
 garbage-first heap   total 108544K, used 94531K [0x0000000080000000, 0x0000000100000000)
  region size 1024K, 54 young (55296K), 8 survivors (8192K)
 Metaspace       used 65341K, committed 66944K, reserved 1114112K
  class space    used 9216K, committed 9984K, reserved 1048576K
}
Event: 6.582 GC heap after
{Heap after GC invocations=14 (full 0):
 garbage-first heap   total 108544K, used 49701K [0x0000000080000000, 0x0000000100000000)
  region size 1024K, 3 young (3072K), 3 survivors (3072K)
 Metaspace       used 65341K, committed 66944K, reserved 1114112K
  class space    used 9216K, committed 9984K, reserved 1048576K
}
Event: 7.222 GC heap before
{Heap before GC invocations=14 (full 0):
 garbage-first heap   total 108544K, used 94757K [0x0000000080000000, 0x0000000100000000)
  region size 1024K, 48 young (49152K), 3 survivors (3072K)
 Metaspace       used 66369K, committed 68032K, reserved 1114112K
  class space    used 9276K, committed 10048K, reserved 1048576K
}
Event: 7.228 GC heap after
{Heap after GC invocations=15 (full 0):
 garbage-first heap   total 108544K, used 53246K [0x0000000080000000, 0x0000000100000000)
  region size 1024K, 6 young (6144K), 6 survivors (6144K)
 Metaspace       used 66369K, committed 68032K, reserved 1114112K
  class space    used 9276K, committed 10048K, reserved 1048576K
}

